build/app/outputs/mapping/release/seeds.txt
com.example.aisoneaccess.MainActivity
com.example.aisoneaccess.MainActivity: MainActivity()
...
android.support.v4.media.session.MediaSessionCompat$QueueItem$Api21Impl: android.media.MediaDescription getDescription(android.media.session.MediaSession$QueueItem)
com.google.android.datatransport.cct.internal.ClientInfo$ClientType: com.google.android.datatransport.cct.internal.ClientInfo$ClientType valueOf(java.lang.String)
androidx.appcompat.widget.AppCompatButton: android.content.res.ColorStateList getSupportBackgroundTintList()
androidx.window.embedding.SplitPairRule: SplitPairRule(java.util.Set,boolean,boolean,boolean,int,int,float,int,int,kotlin.jvm.internal.DefaultConstructorMarker)
androidx.core.view.ViewCompat$Api16Impl: boolean hasOverlappingRendering(android.view.View)
com.google.android.gms.measurement.internal.AppMeasurementDynamiteService: void getCurrentScreenClass(com.google.android.gms.internal.measurement.zzcf)
androidx.appcompat.widget.AppCompatCheckedTextView: void setBackgroundResource(int)
androidx.core.widget.NestedScrollView: void setNestedScrollingEnabled(boolean)
androidx.window.layout.HardwareFoldingFeature: androidx.window.layout.FoldingFeature$Orientation getOrientation()
androidx.core.widget.CompoundButtonCompat$Api21Impl: void setButtonTintList(android.widget.CompoundButton,android.content.res.ColorStateList)
com.google.android.gms.cloudmessaging.CloudMessagingReceiver: CloudMessagingReceiver()
androidx.lifecycle.Lifecycle$Event: androidx.lifecycle.Lifecycle$Event[] values()
androidx.core.widget.EdgeEffectCompat$Api31Impl: float getDistance(android.widget.EdgeEffect)
io.flutter.embedding.android.FlutterSplashView$SavedState: java.lang.String access$600(io.flutter.embedding.android.FlutterSplashView$SavedState)
com.google.android.gms.measurement.internal.AppMeasurementDynamiteService: void resetAnalyticsData(long)
androidx.appcompat.widget.SearchView: int getImeOptions()
android.support.v4.media.session.PlaybackStateCompat$Api21Impl: long getLastPositionUpdateTime(android.media.session.PlaybackState)
androidx.appcompat.widget.AppCompatCheckBox: int getCompoundPaddingLeft()
android.support.v4.media.MediaDescriptionCompat$Api21Impl: java.lang.CharSequence getSubtitle(android.media.MediaDescription)
androidx.appcompat.widget.AppCompatTextViewAutoSizeHelper$Api18Impl: boolean isInLayout(android.view.View)
androidx.core.view.ViewParentCompat$Api21Impl: boolean onNestedFling(android.view.ViewParent,android.view.View,float,float,boolean)
androidx.core.view.ViewParentCompat$Api21Impl: void onNestedScrollAccepted(android.view.ViewParent,android.view.View,android.view.View,int)
me.carda.awesome_notifications.core.enumerators.ActionType: me.carda.awesome_notifications.core.enumerators.ActionType valueOf(java.lang.String)
io.flutter.embedding.engine.renderer.FlutterRenderer$DisplayFeatureType: io.flutter.embedding.engine.renderer.FlutterRenderer$DisplayFeatureType[] values()
io.flutter.embedding.android.DrawableSplashScreen$DrawableSplashScreenView: void setSplashDrawable(android.graphics.drawable.Drawable)
androidx.appcompat.widget.ScrollingTabContainerView: void setAllowCollapse(boolean)
androidx.appcompat.widget.AppCompatRadioButton: void setEmojiCompatEnabled(boolean)
androidx.core.widget.NestedScrollView: int getMaxScrollAmount()
io.flutter.embedding.engine.FlutterJNI: void nativeSetViewportMetrics(long,float,int,int,int,int,int,int,int,int,int,int,int,int,int,int,int,int[],int[],int[])
androidx.appcompat.widget.Toolbar: void setContentInsetStartWithNavigation(int)
io.flutter.embedding.android.FlutterSplashView$SavedState: FlutterSplashView$SavedState(android.os.Parcel)
androidx.core.app.AlarmManagerCompat$Api19Impl: void setExact(android.app.AlarmManager,int,long,android.app.PendingIntent)
kotlin.coroutines.jvm.internal.BaseContinuationImpl: java.lang.StackTraceElement getStackTraceElement()
androidx.window.layout.WindowMetricsCalculator$-CC: androidx.window.layout.WindowMetricsCalculator getOrCreate()
androidx.appcompat.view.menu.ExpandedMenuView: int getWindowAnimations()