build/app/outputs/mapping/release/mapping.txt
# compiler: R8
# compiler_version: 3.1.66
# min_api: 21
# pg_map_id: 19721aa
# common_typos_disable
# {"id":"com.android.tools.r8.mapping","version":"1.0"}
...
kotlin.jvm.internal.Reflection -> kotlin.jvm.internal.p:
    kotlin.reflect.KClass[] EMPTY_K_CLASS_ARRAY -> b
    kotlin.jvm.internal.ReflectionFactory factory -> a
    kotlin.reflect.KFunction function(kotlin.jvm.internal.FunctionReference) -> a
    kotlin.reflect.KClass getOrCreateKotlinClass(java.lang.Class) -> b
    kotlin.reflect.KDeclarationContainer getOrCreateKotlinPackage(java.lang.Class) -> c
    kotlin.reflect.KProperty0 property0(kotlin.jvm.internal.PropertyReference0) -> d
    java.lang.String renderLambdaToString(kotlin.jvm.internal.FunctionBase) -> e
    java.lang.String renderLambdaToString(kotlin.jvm.internal.Lambda) -> f
kotlin.jvm.internal.ReflectionFactory -> kotlin.jvm.internal.q:
    kotlin.reflect.KFunction function(kotlin.jvm.internal.FunctionReference) -> a
    kotlin.reflect.KClass getOrCreateKotlinClass(java.lang.Class) -> b
    kotlin.reflect.KDeclarationContainer getOrCreateKotlinPackage(java.lang.Class,java.lang.String) -> c
    kotlin.reflect.KProperty0 property0(kotlin.jvm.internal.PropertyReference0) -> d
    java.lang.String renderLambdaToString(kotlin.jvm.internal.FunctionBase) -> e
    java.lang.String renderLambdaToString(kotlin.jvm.internal.Lambda) -> f
kotlin.jvm.internal.TypeIntrinsics -> kotlin.jvm.internal.r:
    java.lang.Object beforeCheckcastToFunctionOfArity(java.lang.Object,int) -> a
    int getFunctionArity(java.lang.Object) -> b
    boolean isFunctionOfArity(java.lang.Object,int) -> c
    java.lang.Throwable sanitizeStackTrace(java.lang.Throwable) -> d
    java.lang.ClassCastException throwCce(java.lang.ClassCastException) -> e
    void throwCce(java.lang.Object,java.lang.String) -> f
    void throwCce(java.lang.String) -> g
kotlin.random.AbstractPlatformRandom -> s4.a:
    int nextInt() -> b
    java.util.Random getImpl() -> c
kotlin.random.FallbackThreadLocalRandom -> s4.b:
    kotlin.random.FallbackThreadLocalRandom$implStorage$1 implStorage -> o
    java.util.Random getImpl() -> c
kotlin.random.FallbackThreadLocalRandom$implStorage$1 -> s4.b$a:
    java.util.Random initialValue() -> a
kotlin.random.Random -> s4.c:
    kotlin.random.Random$Default Default -> m
    kotlin.random.Random defaultRandom -> n
    kotlin.random.Random access$getDefaultRandom$cp() -> a
    int nextInt() -> b
kotlin.random.Random$Default -> s4.c$a:
    int nextInt() -> b
kotlin.random.jdk8.PlatformThreadLocalRandom -> t4.a:
    java.util.Random getImpl() -> c
kotlin.ranges.IntProgression -> u4.a:
    int last -> n
    int step -> o
    kotlin.ranges.IntProgression$Companion Companion -> p
    int first -> m
    int getFirst() -> d
    int getLast() -> g
    int getStep() -> i
    kotlin.collections.IntIterator iterator() -> j
kotlin.ranges.IntProgression$Companion -> u4.a$a:
    kotlin.ranges.IntProgression fromClosedRange(int,int,int) -> a
kotlin.ranges.IntProgressionIterator -> u4.b:
    int finalElement -> n
    boolean hasNext -> o
    int step -> m
    int next -> p
    int nextInt() -> b
kotlin.ranges.IntRange -> u4.c:
    kotlin.ranges.IntRange EMPTY -> r
    kotlin.ranges.IntRange$Companion Companion -> q
    kotlin.ranges.IntRange access$getEMPTY$cp() -> k
    boolean contains(int) -> l
    java.lang.Integer getEndInclusive() -> p
    java.lang.Integer getStart() -> r
kotlin.ranges.IntRange$Companion -> u4.c$a:
    kotlin.ranges.IntRange getEMPTY() -> a